2025-05-22 20:35:52,920 - JobAssistant - INFO - JobAssistant initialized
2025-05-22 20:36:06,958 - JobAssistant - INFO - Starting resume ingestion from: C:\Users\MSI\AppData\Local\Temp\tmprs569ig6.pdf
2025-05-22 20:36:07,030 - JobAssistant - DEBUG - Created 1 chunks from resume
2025-05-22 20:36:09,346 - JobAssistant - INFO - Successfully ingested resume with 1 chunks
2025-05-22 20:36:52,155 - JobAssistant - INFO - Processing query: 'How can I improve my resume for this job?'
2025-05-22 20:36:57,303 - JobAssistant - DEBUG - Retrieved 2 documents for resume
2025-05-22 20:36:57,305 - JobAssistant - DEBUG - Document lengths (chars): [2139, 2139]
2025-05-22 20:37:00,835 - JobAssistant - DEBUG - Retrieved 4 documents for job_posting
2025-05-22 20:37:00,835 - JobAssistant - DEBUG - Document lengths (chars): [2113, 1067, 2488, 1574]
2025-05-22 20:37:04,582 - JobAssistant - DEBUG - Retrieved 4 documents for skills
2025-05-22 20:37:04,583 - JobAssistant - DEBUG - Document lengths (chars): [2113, 1067, 2488, 1574]
2025-05-22 20:37:04,752 - JobAssistant - DEBUG - Classified query as: resume_improvement
2025-05-22 20:37:04,810 - JobAssistant - DEBUG - Retrieved 2 documents for resume
2025-05-22 20:37:04,810 - JobAssistant - DEBUG - Document lengths (chars): [2139, 2139]
2025-05-22 20:37:04,880 - JobAssistant - DEBUG - Retrieved 4 documents for job_posting
2025-05-22 20:37:04,880 - JobAssistant - DEBUG - Document lengths (chars): [2113, 1067, 2488, 1574]
2025-05-22 20:37:04,957 - JobAssistant - DEBUG - Retrieved 4 documents for skills
2025-05-22 20:37:04,957 - JobAssistant - DEBUG - Document lengths (chars): [2113, 1067, 2488, 1574]
2025-05-22 20:39:09,965 - JobAssistant - INFO - Processing query: 'What skills am I missing for this position?'
2025-05-22 20:39:13,987 - JobAssistant - DEBUG - Retrieved 2 documents for resume
2025-05-22 20:39:13,987 - JobAssistant - DEBUG - Document lengths (chars): [2139, 2139]
2025-05-22 20:39:18,212 - JobAssistant - DEBUG - Retrieved 4 documents for job_posting
2025-05-22 20:39:18,212 - JobAssistant - DEBUG - Document lengths (chars): [2113, 1067, 2488, 1574]
2025-05-22 20:39:22,491 - JobAssistant - DEBUG - Retrieved 4 documents for skills
2025-05-22 20:39:22,491 - JobAssistant - DEBUG - Document lengths (chars): [2113, 1067, 2488, 1574]
2025-05-22 20:39:22,643 - JobAssistant - DEBUG - Classified query as: missing_skills
2025-05-22 20:39:22,710 - JobAssistant - DEBUG - Retrieved 2 documents for resume
2025-05-22 20:39:22,710 - JobAssistant - DEBUG - Document lengths (chars): [2139, 2139]
2025-05-22 20:39:22,938 - JobAssistant - DEBUG - Retrieved 4 documents for job_posting
2025-05-22 20:39:22,938 - JobAssistant - DEBUG - Document lengths (chars): [2113, 1067, 2488, 1574]
2025-05-22 20:39:23,312 - JobAssistant - DEBUG - Retrieved 4 documents for skills
2025-05-22 20:39:23,312 - JobAssistant - DEBUG - Document lengths (chars): [2113, 1067, 2488, 1574]
