2025-05-22 20:27:15,605 - JobAssistant - INFO - JobAssistant initialized
2025-05-22 20:27:35,444 - JobAssistant - INFO - Starting resume ingestion from: C:\Users\MSI\AppData\Local\Temp\tmpcb5oqqs1.pdf
2025-05-22 20:27:35,548 - JobAssistant - DEBUG - Created 1 chunks from resume
2025-05-22 20:27:55,677 - JobAssistant - INFO - Successfully ingested resume with 1 chunks
2025-05-22 20:28:18,532 - JobAssistant - INFO - Starting resume ingestion from: C:\Users\MSI\AppData\Local\Temp\tmp7rterxmu.pdf
2025-05-22 20:28:18,568 - JobAssistant - DEBUG - Created 1 chunks from resume
2025-05-22 20:28:20,954 - JobAssistant - INFO - Successfully ingested resume with 1 chunks
2025-05-22 20:28:30,029 - JobAssistant - INFO - Processing query: 'What skills am I missing for this position?'
2025-05-22 20:28:33,404 - JobAssistant - DEBUG - Retrieved 2 documents for resume
2025-05-22 20:28:33,404 - JobAssistant - DEBUG - Document lengths (chars): [2139, 2139]
2025-05-22 20:28:36,429 - JobAssistant - DEBUG - Retrieved 4 documents for job_posting
2025-05-22 20:28:36,429 - JobAssistant - DEBUG - Document lengths (chars): [2113, 1067, 2488, 1574]
2025-05-22 20:28:39,615 - JobAssistant - DEBUG - Retrieved 4 documents for skills
2025-05-22 20:28:39,615 - JobAssistant - DEBUG - Document lengths (chars): [2113, 1067, 2488, 1574]
2025-05-22 20:28:39,765 - JobAssistant - DEBUG - Classified query as: missing_skills
2025-05-22 20:28:39,839 - JobAssistant - DEBUG - Retrieved 2 documents for resume
2025-05-22 20:28:39,839 - JobAssistant - DEBUG - Document lengths (chars): [2139, 2139]
2025-05-22 20:28:40,172 - JobAssistant - DEBUG - Retrieved 4 documents for job_posting
2025-05-22 20:28:40,172 - JobAssistant - DEBUG - Document lengths (chars): [2113, 1067, 2488, 1574]
2025-05-22 20:28:40,485 - JobAssistant - DEBUG - Retrieved 4 documents for skills
2025-05-22 20:28:40,486 - JobAssistant - DEBUG - Document lengths (chars): [2113, 1067, 2488, 1574]
2025-05-22 20:29:56,612 - JobAssistant - INFO - Processing query: 'How can I improve my resume for this job?'
2025-05-22 20:29:59,321 - JobAssistant - DEBUG - Retrieved 2 documents for resume
2025-05-22 20:29:59,322 - JobAssistant - DEBUG - Document lengths (chars): [2139, 2139]
2025-05-22 20:30:04,278 - JobAssistant - DEBUG - Retrieved 4 documents for job_posting
2025-05-22 20:30:04,278 - JobAssistant - DEBUG - Document lengths (chars): [2113, 1067, 2488, 1574]
2025-05-22 20:30:08,330 - JobAssistant - DEBUG - Retrieved 4 documents for skills
2025-05-22 20:30:08,330 - JobAssistant - DEBUG - Document lengths (chars): [2113, 1067, 2488, 1574]
2025-05-22 20:30:08,490 - JobAssistant - DEBUG - Classified query as: resume_improvement
2025-05-22 20:30:08,541 - JobAssistant - DEBUG - Retrieved 2 documents for resume
2025-05-22 20:30:08,541 - JobAssistant - DEBUG - Document lengths (chars): [2139, 2139]
2025-05-22 20:30:08,709 - JobAssistant - DEBUG - Retrieved 4 documents for job_posting
2025-05-22 20:30:08,709 - JobAssistant - DEBUG - Document lengths (chars): [2113, 1067, 2488, 1574]
2025-05-22 20:30:09,021 - JobAssistant - DEBUG - Retrieved 4 documents for skills
2025-05-22 20:30:09,021 - JobAssistant - DEBUG - Document lengths (chars): [2113, 1067, 2488, 1574]
2025-05-22 20:30:47,948 - JobAssistant - INFO - Processing query: 'what is the name of the cqnditqte'
2025-05-22 20:30:51,783 - JobAssistant - DEBUG - Retrieved 2 documents for resume
2025-05-22 20:30:51,783 - JobAssistant - DEBUG - Document lengths (chars): [2139, 2139]
2025-05-22 20:30:54,071 - JobAssistant - DEBUG - Retrieved 4 documents for job_posting
2025-05-22 20:30:54,071 - JobAssistant - DEBUG - Document lengths (chars): [2113, 1067, 2488, 1574]
2025-05-22 20:30:56,602 - JobAssistant - DEBUG - Retrieved 4 documents for skills
2025-05-22 20:30:56,603 - JobAssistant - DEBUG - Document lengths (chars): [2113, 1067, 2488, 1574]
2025-05-22 20:30:56,687 - JobAssistant - DEBUG - Classified query as: general
